/home/romulo/jackal_ws/src/fsmt_base_local_planner/fsmt/src/fsmt.c:13: warning: Compound FSMT_s is not documented.
/home/romulo/jackal_ws/src/fsmt_base_local_planner/fsmt/include/fsmt/tube.h:1: warning: Member FSMT_t (typedef) of file fsmt.h is not documented.
/home/romulo/jackal_ws/src/fsmt_base_local_planner/fsmt/src/fsmt.c:14: warning: Member a (variable) of class FSMT_s is not documented.
Searching for include files...
Searching for example files...
Searching for images...
Searching for dot files...
Searching for msc files...
Searching for dia files...
Searching for files to exclude
Searching for files in directory /home/romulo/jackal_ws/src/fsmt_base_local_planner/fsmt/build
Searching for files in directory /home/romulo/jackal_ws/src/fsmt_base_local_planner/fsmt/build/CMakeFiles
Searching for files in directory /home/romulo/jackal_ws/src/fsmt_base_local_planner/fsmt/build/CMakeFiles/3.26.3
Searching for files in directory /home/romulo/jackal_ws/src/fsmt_base_local_planner/fsmt/build/CMakeFiles/3.26.3/CompilerIdC
Searching for files in directory /home/romulo/jackal_ws/src/fsmt_base_local_planner/fsmt/build/CMakeFiles/3.26.3/CompilerIdC/tmp
Searching for files in directory /home/romulo/jackal_ws/src/fsmt_base_local_planner/fsmt/build/CMakeFiles/CMakeScratch
Searching for files in directory /home/romulo/jackal_ws/src/fsmt_base_local_planner/fsmt/build/CMakeFiles/fsmt.dir
Searching for files in directory /home/romulo/jackal_ws/src/fsmt_base_local_planner/fsmt/build/CMakeFiles/fsmt.dir/src
Searching for files in directory /home/romulo/jackal_ws/src/fsmt_base_local_planner/fsmt/build/CMakeFiles/pkgRedirects
Searching INPUT for files to process...
Searching for files in directory /home/romulo/jackal_ws/src/fsmt_base_local_planner/fsmt/include/fsmt
Searching for files in directory /home/romulo/jackal_ws/src/fsmt_base_local_planner/fsmt/src
Reading and parsing tag files
Parsing files
Preprocessing /home/romulo/jackal_ws/src/fsmt_base_local_planner/fsmt/include/fsmt/tube.h...
Parsing file /home/romulo/jackal_ws/src/fsmt_base_local_planner/fsmt/include/fsmt/tube.h...
Preprocessing /home/romulo/jackal_ws/src/fsmt_base_local_planner/fsmt/src/fsmt.c...
Parsing file /home/romulo/jackal_ws/src/fsmt_base_local_planner/fsmt/src/fsmt.c...
Building group list...
Building directory list...
Building namespace list...
Building file list...
Building class list...
Associating documentation with classes...
Computing nesting relations for classes...
Building example list...
Searching for enumerations...
Searching for documented typedefs...
Searching for members imported via using declarations...
Searching for included using directives...
Searching for documented variables...
Building interface member list...
Building member list...
Searching for friends...
Searching for documented defines...
Computing class inheritance relations...
Computing class usage relations...
Flushing cached template relations that have become invalid...
Computing class relations...
Add enum values to enums...
Searching for member function documentation...
Creating members for template instances...
Building page list...
Search for main page...
Computing page relations...
Determining the scope of groups...
Sorting lists...
Freeing entry tree
Determining which enums are documented
Computing member relations...
Building full member lists recursively...
Adding members to member groups.
Computing member references...
Inheriting documentation...
Generating disk names...
Adding source references...
Adding xrefitems...
Sorting member lists...
Computing dependencies between directories...
Generating citations page...
Counting data structures...
Resolving user defined references...
Finding anchors and sections in the documentation...
Transferring function references...
Combining using relations...
Adding members to index pages...
Generating style sheet...
Generating search indices...
Generating example documentation...
Generating file sources...
Generating code for file /home/romulo/jackal_ws/src/fsmt_base_local_planner/fsmt/include/fsmt/tube.h...
Generating file documentation...
Generating docs for file /home/romulo/jackal_ws/src/fsmt_base_local_planner/fsmt/include/fsmt/tube.h...
Generating docs for file /home/romulo/jackal_ws/src/fsmt_base_local_planner/fsmt/src/fsmt.c...
Generating page documentation...
Generating group documentation...
Generating class documentation...
Generating docs for compound FSMT_s...
Generating namespace index...
Generating graph info page...
Generating directory documentation...
Generating dependency graph for directory /home/romulo/jackal_ws/src/fsmt_base_local_planner/fsmt/src
Generating index page...
Generating page index...
Generating module index...
Generating namespace index...
Generating namespace member index...
Generating annotated compound index...
Generating alphabetical compound index...
Generating hierarchical class index...
Generating graphical class hierarchy...
Generating member index...
Generating file index...
Generating file member index...
Generating example index...
finalizing index lists...
writing tag file...
Generating XML output...
Generating XML output for class FSMT_s
Generating XML output for file fsmt.h
Generating XML output for file fsmt.c
Generate XML output for dir /home/romulo/jackal_ws/src/fsmt_base_local_planner/fsmt/include/fsmt/
Generate XML output for dir /home/romulo/jackal_ws/src/fsmt_base_local_planner/fsmt/include/
Generate XML output for dir /home/romulo/jackal_ws/src/fsmt_base_local_planner/fsmt/src/
Running dot...
lookup cache used 7/65536 hits=54 misses=8
finished...
